# JRE version: OpenJDK Runtime Environment (8.0_202-b03) (build 1.8.0_202-release-1483-b03)
# Java VM: OpenJDK 64-Bit Server VM (25.202-b03 mixed mode windows-amd64 compressed oops)
Heap:
 PSYoungGen      total 111104K, used 110658K [0x00000000e0000000, 0x00000000e8d80000, 0x0000000100000000)
  eden space 101888K, 99% used [0x00000000e0000000,0x00000000e63181a0,0x00000000e6380000)
  from space 9216K, 99% used [0x00000000e6380000,0x00000000e6c786e0,0x00000000e6c80000)
  to   space 12800K, 0% used [0x00000000e8100000,0x00000000e8100000,0x00000000e8d80000)
 ParOldGen       total 53248K, used 27854K [0x00000000a0000000, 0x00000000a3400000, 0x00000000e0000000)
  object space 53248K, 52% used [0x00000000a0000000,0x00000000a1b33aa0,0x00000000a3400000)
 Metaspace       used 55225K, capacity 57174K, committed 57472K, reserved 1099776K
  class space    used 7516K, capacity 7957K, committed 8064K, reserved 1048576K
GC Heap History (10 events):
Event: 23.633 GC heap before
{Heap before GC invocations=13 (full 1):
 PSYoungGen      total 58368K, used 58355K [0x00000000e0000000, 0x00000000e5600000, 0x0000000100000000)
  eden space 52736K, 100% used [0x00000000e0000000,0x00000000e3380000,0x00000000e3380000)
  from space 5632K, 99% used [0x00000000e3380000,0x00000000e38fcc50,0x00000000e3900000)
  to   space 6144K, 0% used [0x00000000e5000000,0x00000000e5000000,0x00000000e5600000)
 ParOldGen       total 31232K, used 9195K [0x00000000a0000000, 0x00000000a1e80000, 0x00000000e0000000)
  object space 31232K, 29% used [0x00000000a0000000,0x00000000a08fadb8,0x00000000a1e80000)
 Metaspace       used 30589K, capacity 31202K, committed 31360K, reserved 1077248K
  class space    used 4242K, capacity 4429K, committed 4480K, reserved 1048576K
Event: 23.650 GC heap after
Heap after GC invocations=13 (full 1):
 PSYoungGen      total 80896K, used 5230K [0x00000000e0000000, 0x00000000e5600000, 0x0000000100000000)
  eden space 74752K, 0% used [0x00000000e0000000,0x00000000e0000000,0x00000000e4900000)
  from space 6144K, 85% used [0x00000000e5000000,0x00000000e551b830,0x00000000e5600000)
  to   space 6656K, 0% used [0x00000000e4900000,0x00000000e4900000,0x00000000e4f80000)
 ParOldGen       total 31232K, used 11861K [0x00000000a0000000, 0x00000000a1e80000, 0x00000000e0000000)
  object space 31232K, 37% used [0x00000000a0000000,0x00000000a0b95668,0x00000000a1e80000)
 Metaspace       used 30589K, capacity 31202K, committed 31360K, reserved 1077248K
  class space    used 4242K, capacity 4429K, committed 4480K, reserved 1048576K
}
Event: 26.220 GC heap before
{Heap before GC invocations=14 (full 1):
 PSYoungGen      total 80896K, used 73212K [0x00000000e0000000, 0x00000000e5600000, 0x0000000100000000)
  eden space 74752K, 90% used [0x00000000e0000000,0x00000000e42638a0,0x00000000e4900000)
  from space 6144K, 85% used [0x00000000e5000000,0x00000000e551b830,0x00000000e5600000)
  to   space 6656K, 0% used [0x00000000e4900000,0x00000000e4900000,0x00000000e4f80000)
 ParOldGen       total 31232K, used 11861K [0x00000000a0000000, 0x00000000a1e80000, 0x00000000e0000000)
  object space 31232K, 37% used [0x00000000a0000000,0x00000000a0b95668,0x00000000a1e80000)
 Metaspace       used 34505K, capacity 35426K, committed 35456K, reserved 1079296K
  class space    used 4766K, capacity 4987K, committed 4992K, reserved 1048576K
Event: 26.246 GC heap after
Heap after GC invocations=14 (full 1):
 PSYoungGen      total 81408K, used 6497K [0x00000000e0000000, 0x00000000e7580000, 0x0000000100000000)
  eden space 74752K, 0% used [0x00000000e0000000,0x00000000e0000000,0x00000000e4900000)
  from space 6656K, 97% used [0x00000000e4900000,0x00000000e4f58568,0x00000000e4f80000)
  to   space 7168K, 0% used [0x00000000e6e80000,0x00000000e6e80000,0x00000000e7580000)
 ParOldGen       total 31232K, used 14019K [0x00000000a0000000, 0x00000000a1e80000, 0x00000000e0000000)
  object space 31232K, 44% used [0x00000000a0000000,0x00000000a0db0e90,0x00000000a1e80000)
 Metaspace       used 34505K, capacity 35426K, committed 35456K, reserved 1079296K
  class space    used 4766K, capacity 4987K, committed 4992K, reserved 1048576K
}
Event: 26.246 GC heap before
{Heap before GC invocations=15 (full 2):
 PSYoungGen      total 81408K, used 6497K [0x00000000e0000000, 0x00000000e7580000, 0x0000000100000000)
  eden space 74752K, 0% used [0x00000000e0000000,0x00000000e0000000,0x00000000e4900000)
  from space 6656K, 97% used [0x00000000e4900000,0x00000000e4f58568,0x00000000e4f80000)
  to   space 7168K, 0% used [0x00000000e6e80000,0x00000000e6e80000,0x00000000e7580000)
 ParOldGen       total 31232K, used 14019K [0x00000000a0000000, 0x00000000a1e80000, 0x00000000e0000000)
  object space 31232K, 44% used [0x00000000a0000000,0x00000000a0db0e90,0x00000000a1e80000)
 Metaspace       used 34505K, capacity 35426K, committed 35456K, reserved 1079296K
  class space    used 4766K, capacity 4987K, committed 4992K, reserved 1048576K
Event: 26.429 GC heap after
Heap after GC invocations=15 (full 2):
 PSYoungGen      total 81408K, used 0K [0x00000000e0000000, 0x00000000e7580000, 0x0000000100000000)
  eden space 74752K, 0% used [0x00000000e0000000,0x00000000e0000000,0x00000000e4900000)
  from space 6656K, 0% used [0x00000000e4900000,0x00000000e4900000,0x00000000e4f80000)
  to   space 7168K, 0% used [0x00000000e6e80000,0x00000000e6e80000,0x00000000e7580000)
 ParOldGen       total 53248K, used 17844K [0x00000000a0000000, 0x00000000a3400000, 0x00000000e0000000)
  object space 53248K, 33% used [0x00000000a0000000,0x00000000a116d398,0x00000000a3400000)
 Metaspace       used 34505K, capacity 35426K, committed 35456K, reserved 1079296K
  class space    used 4766K, capacity 4987K, committed 4992K, reserved 1048576K
}
Event: 28.780 GC heap before
{Heap before GC invocations=16 (full 2):
 PSYoungGen      total 81408K, used 74752K [0x00000000e0000000, 0x00000000e7580000, 0x0000000100000000)
  eden space 74752K, 100% used [0x00000000e0000000,0x00000000e4900000,0x00000000e4900000)
  from space 6656K, 0% used [0x00000000e4900000,0x00000000e4900000,0x00000000e4f80000)
  to   space 7168K, 0% used [0x00000000e6e80000,0x00000000e6e80000,0x00000000e7580000)
 ParOldGen       total 53248K, used 17844K [0x00000000a0000000, 0x00000000a3400000, 0x00000000e0000000)
  object space 53248K, 33% used [0x00000000a0000000,0x00000000a116d398,0x00000000a3400000)
 Metaspace       used 42817K, capacity 44098K, committed 44288K, reserved 1087488K
  class space    used 5801K, capacity 6058K, committed 6144K, reserved 1048576K
Event: 28.803 GC heap after
Heap after GC invocations=16 (full 2):
 PSYoungGen      total 101888K, used 7148K [0x00000000e0000000, 0x00000000e7580000, 0x0000000100000000)
  eden space 94720K, 0% used [0x00000000e0000000,0x00000000e0000000,0x00000000e5c80000)
  from space 7168K, 99% used [0x00000000e6e80000,0x00000000e757b0a0,0x00000000e7580000)
  to   space 9216K, 0% used [0x00000000e6380000,0x00000000e6380000,0x00000000e6c80000)
 ParOldGen       total 53248K, used 21268K [0x00000000a0000000, 0x00000000a3400000, 0x00000000e0000000)
  object space 53248K, 39% used [0x00000000a0000000,0x00000000a14c5158,0x00000000a3400000)
 Metaspace       used 42817K, capacity 44098K, committed 44288K, reserved 1087488K
  class space    used 5801K, capacity 6058K, committed 6144K, reserved 1048576K
}
Event: 34.028 GC heap before
{Heap before GC invocations=17 (full 2):
 PSYoungGen      total 101888K, used 101868K [0x00000000e0000000, 0x00000000e7580000, 0x0000000100000000)
  eden space 94720K, 100% used [0x00000000e0000000,0x00000000e5c80000,0x00000000e5c80000)
  from space 7168K, 99% used [0x00000000e6e80000,0x00000000e757b0a0,0x00000000e7580000)
  to   space 9216K, 0% used [0x00000000e6380000,0x00000000e6380000,0x00000000e6c80000)
 ParOldGen       total 53248K, used 21268K [0x00000000a0000000, 0x00000000a3400000, 0x00000000e0000000)
  object space 53248K, 39% used [0x00000000a0000000,0x00000000a14c5198,0x00000000a3400000)
 Metaspace       used 48986K, capacity 50684K, committed 50944K, reserved 1093632K
  class space    used 6626K, capacity 7042K, committed 7168K, reserved 1048576K
Event: 34.064 GC heap after
Heap after GC invocations=17 (full 2):
 PSYoungGen      total 111104K, used 9185K [0x00000000e0000000, 0x00000000e8d80000, 0x0000000100000000)
  eden space 101888K, 0% used [0x00000000e0000000,0x00000000e0000000,0x00000000e6380000)
  from space 9216K, 99% used [0x00000000e6380000,0x00000000e6c786e0,0x00000000e6c80000)
  to   space 12800K, 0% used [0x00000000e8100000,0x00000000e8100000,0x00000000e8d80000)
 ParOldGen       total 53248K, used 27854K [0x00000000a0000000, 0x00000000a3400000, 0x00000000e0000000)
  object space 53248K, 52% used [0x00000000a0000000,0x00000000a1b33aa0,0x00000000a3400000)
 Metaspace       used 48986K, capacity 50684K, committed 50944K, reserved 1093632K
  class space    used 6626K, capacity 7042K, committed 7168K, reserved 1048576K
}

